nohup: ignoring input
[2025-03-27 12:49:03 +0000] [46484] [INFO] Starting gunicorn 23.0.0
[2025-03-27 12:49:03 +0000] [46484] [INFO] Listening at: http://0.0.0.0:8000 (46484)
[2025-03-27 12:49:03 +0000] [46484] [INFO] Using worker: sync
[2025-03-27 12:49:03 +0000] [46486] [INFO] Booting worker with pid: 46486
[2025-03-27 12:49:03 +0000] [46487] [INFO] Booting worker with pid: 46487
[2025-03-27 12:49:03 +0000] [46488] [INFO] Booting worker with pid: 46488
[2025-03-27 12:49:03 +0000] [46489] [INFO] Booting worker with pid: 46489
[2025-03-27 13:21:29 +0000] [46488] [WARNING] Invalid request from ip=3.86.12.98: Invalid HTTP method: 'telnet'
[2025-03-27 13:32:28 +0000] [46489] [WARNING] Invalid request from ip=3.86.12.98: Invalid HTTP request line: ''
[2025-03-27 13:41:26 +0000] [46488] [WARNING] Invalid request from ip=3.86.12.98: Invalid HTTP request line: ''
[2025-03-27 15:59:22 +0000] [46487] [INFO] Worker exiting (pid: 46487)
[2025-03-27 15:59:22 +0000] [46486] [INFO] Worker exiting (pid: 46486)
[2025-03-27 15:59:22 +0000] [46488] [INFO] Worker exiting (pid: 46488)
[2025-03-27 15:59:22 +0000] [46489] [INFO] Worker exiting (pid: 46489)
[2025-03-27 15:59:22 +0000] [46484] [INFO] Handling signal: term
[2025-03-27 15:59:22 +0000] [46484] [ERROR] Worker (pid:46486) was sent SIGTERM!
[2025-03-27 15:59:22 +0000] [46484] [ERROR] Worker (pid:46487) was sent SIGTERM!
[2025-03-27 15:59:22 +0000] [46484] [ERROR] Worker (pid:46488) was sent SIGTERM!
[2025-03-27 15:59:22 +0000] [46484] [ERROR] Worker (pid:46489) was sent SIGTERM!
[2025-03-27 15:59:22 +0000] [46484] [INFO] Shutting down: Master
